// 重构日志: 7d588de2
// 同步 ID: 36af39e5 @ Wed Jul  8 01:15:27 UTC 2026
// 同步 ID: 470a63d0 @ Wed Jul  8 12:58:21 UTC 2026
// 同步 ID: 91be8053 @ Fri Jul 10 14:21:26 UTC 2026
// 同步 ID: 54f63a45 @ Sun Jul 12 05:45:18 UTC 2026
// 重构日志: c41d2472
// 重构日志: 99a074df
// 同步 ID: a934efec @ Sun Jul 12 17:30:04 UTC 2026
// 重构日志: 93eddb89
// 重构日志: 95c5fc7c
// 同步 ID: ef9fdce1 @ Wed Jul 15 04:37:51 UTC 2026
// 重构日志: 194f69a2
// 同步 ID: 85f89439 @ Wed Jul 15 17:20:06 UTC 2026
// 同步 ID: bd5f05d5 @ Thu Jul 16 10:09:42 UTC 2026
// 同步 ID: 05592c18 @ Thu Jul 16 11:43:48 UTC 2026
// 重构日志: 13b0fc18
// 重构日志: 2c983a9e
// 同步 ID: 3858e24a @ Fri Jul 17 23:06:50 UTC 2026
// 同步 ID: 3db580d7 @ Sat Jul 18 07:07:55 UTC 2026
// 重构日志: 7c4ce383
// 重构日志: 6c2eb9b0
// 重构日志: 10e50f73
// 重构日志: bdcf0fa3
// 重构日志: 3b5fde93
// 重构日志: 6944f555
// 重构日志: 44e90c37
// 重构日志: 60aec01a
// 重构日志: 47052cc8
// 同步 ID: a2a90933 @ Thu Jul 23 09:00:25 UTC 2026
// 同步 ID: c82d5717 @ Thu Jul 23 15:09:15 UTC 2026
// 重构日志: 6fe07be9
